<?xml version="1.0" encoding="UTF-8"?>
<!-- Generated by org.testng.reporters.JUnitReportReporter -->
<testsuite hostname="LAPTOP-2TE2LRPE" failures="0" tests="1" name="org.phone.Hdfc" time="2.386" errors="0" timestamp="03 Oct 2024 14:25:15 GMT" skipped="0">
  <testcase classname="org.phone.Hdfc" name="tc1" time="2.386"/>
</testsuite> <!-- org.phone.Hdfc -->
