<?xml version="1.0" encoding="UTF-8"?>
<!-- Generated by org.testng.reporters.JUnitReportReporter -->
<testsuite hostname="LAPTOP-2TE2LRPE" failures="0" tests="1" name="org.phone.Sample" time="46.922" errors="0" timestamp="03 Oct 2024 10:43:08 GMT" skipped="0">
  <testcase classname="org.phone.Sample" name="tc1" time="46.922"/>
</testsuite> <!-- org.phone.Sample -->
