<?xml version="1.0" encoding="UTF-8"?>
<!-- Generated by org.testng.reporters.JUnitReportReporter -->
<testsuite hostname="LAPTOP-2TE2LRPE" failures="0" tests="1" name="org.phone.Task" time="244.698" errors="0" timestamp="03 Oct 2024 11:03:59 GMT" skipped="0">
  <testcase classname="org.phone.Task" name="tc1" time="244.698"/>
</testsuite> <!-- org.phone.Task -->
